<?xml version="1.0" encoding="UTF-8"?>
<!-- Generated by org.testng.reporters.JUnitXMLReporter -->
<testsuite ignored="0" hostname="DESKTOP-EOR6TGJ" failures="1" tests="5" name="Test" time="0.142" errors="0" timestamp="2022-10-27T21:31:33 IST">
  <testcase classname="com.testng.IretryAnalyser_Concept" name="password" time="0.016">
    <skipped/>
  </testcase> <!-- password -->
  <testcase classname="com.testng.IretryAnalyser_Concept" name="password" time="0.003">
    <skipped/>
  </testcase> <!-- password -->
  <testcase classname="com.testng.IretryAnalyser_Concept" name="password" time="0.003">
    <skipped/>
  </testcase> <!-- password -->
  <testcase classname="com.testng.IretryAnalyser_Concept" name="password" time="0.002">
    <failure type="java.lang.AssertionError" message="expected [12534] but found [12345]">
      <![CDATA[java.lang.AssertionError: expected [12534] but found [12345]
at com.testng.IretryAnalyser_Concept.password(IretryAnalyser_Concept.java:25)
at java.base/java.util.ArrayList.forEach(ArrayList.java:1511)
... Removed 33 stack frames]]>
    </failure>
  </testcase> <!-- password -->
  <testcase classname="com.testng.IretryAnalyser_Concept" name="sample" time="0.011"/>
</testsuite> <!-- Test -->
